This is LuaTeX, Version 1.10.0 (MiKTeX 2.9.7050 64-bit)  (format=lualatex 2019.7.9)  18 JUL 2019 18:33
 system commands enabled.
 file:line:error style messages enabled.
**tikz_Liszt_Lugubre_gondola_I_200_1.tex
(./tikz_Liszt_Lugubre_gondola_I_200_1.tex
LaTeX2e <2018-12-01>
Lua module: luaotfload-main 2019-05-18 2.97 luaotfload entry point
Lua module: luaotfload-init 2019-05-18 2.97 luaotfload submodule / initializatio
n
Lua module: lualibs 2019-05-18 2.65 ConTeXt Lua standard libraries.
Lua module: lualibs-extended 2019-05-18 2.65 ConTeXt Lua libraries -- extended c
ollection.
Lua module: luaotfload-log 2019-05-18 2.97 luaotfload submodule / logging
Lua module: luaotfload-parsers 2019-05-18 2.97 luaotfload submodule / filelist
Lua module: luaotfload-configuration 2019-05-18 2.97 luaotfload submodule / conf
ig file reader
luaotfload | conf : Root cache directory is C:/Users/fabianmoss/AppData/Local/Mi
KTeX/2.9/luatex-cache/generic/names.
luaotfload | init : Loading fontloader “fontloader-2019-05-18.lua” from kpse
-resolved path “C:/Users/fabianmoss/AppData/Local/Programs/MiKTeX 2.9/tex/luat
ex/luaotfload/fontloader-2019-05-18.lua”.
Lua-only attribute luaotfload@state = 2
Lua-only attribute luaotfload@noligature = 3
Lua-only attribute luaotfload@syllabe = 4
luaotfload | init : Context OpenType loader version “3.108”
Inserting `luaotfload.node_processor' at position 1 in `pre_linebreak_filter'.
Inserting `luaotfload.node_processor' at position 1 in `hpack_filter'.
Lua module: luaotfload-loaders 2019-05-18 2.97 luaotfload submodule / callback h
andling
Inserting `luaotfload.define_font' at position 1 in `define_font'.
Lua module: luaotfload-database 2019-05-18 2.97 luaotfload submodule / database
Lua module: luaotfload-colors 2019-05-18 2.97 luaotfload submodule / color
Lua-only attribute luaotfload_color_attribute = 5
Lua module: luaotfload-resolvers 2019-05-18 2.97 luaotfload submodule / resolver
s
luaotfload | conf : Root cache directory is C:/Users/fabianmoss/AppData/Local/Mi
KTeX/2.9/luatex-cache/generic/names.
Lua module: luaotfload-features 2019-05-18 2.97 luaotfload submodule / features
Lua module: luaotfload-letterspace 2019-05-18 2.97 luaotfload submodule / color
Lua module: luaotfload-auxiliary 2019-05-18 2.97 luaotfload submodule / auxiliar
y functions
Inserting `luaotfload.aux.set_sscale_dimens' at position 1 in `luaotfload.patch_
font'.
Inserting `luaotfload.aux.patch_cambria_domh' at position 2 in `luaotfload.patch
_font'.
Inserting `luaotfload.aux.fixup_fontdata' at position 1 in `luaotfload.patch_fon
t_unsafe'.
Inserting `luaotfload.aux.set_capheight' at position 3 in `luaotfload.patch_font
'.
Inserting `luaotfload.rewrite_fontname' at position 4 in `luaotfload.patch_font'
.
luaotfload | main : initialization completed in 0.826 seconds

("C:/Users/fabianmoss/AppData/Local/Programs/MiKTeX 2.9/tex/latex/standalone/st
andalone.cls"
Document Class: standalone 2018/03/26 v1.3a Class to compile TeX sub-files stand
alone

("C:/Users/fabianmoss/AppData/Local/Programs/MiKTeX 2.9/tex/latex/tools/shelles
c.sty"
Package: shellesc 2016/06/07 v0.02a unified shell escape interface for LaTeX
Package shellesc Info: Unrestricted shell escape enabled on input line 67.
)
("C:/Users/fabianmoss/AppData/Local/Programs/MiKTeX 2.9/tex/generic/oberdiek/if
luatex.sty"
Package: ifluatex 2016/05/16 v1.4 Provides the ifluatex switch (HO)
Package ifluatex Info: LuaTeX detected.
)
("C:/Users/fabianmoss/AppData/Local/Programs/MiKTeX 2.9/tex/generic/oberdiek/if
pdf.sty"
Package: ifpdf 2018/09/07 v3.3 Provides the ifpdf switch
)
("C:/Users/fabianmoss/AppData/Local/Programs/MiKTeX 2.9/tex/generic/ifxetex/ifx
etex.sty"
Package: ifxetex 2010/09/12 v0.6 Provides ifxetex conditional
)
("C:/Users/fabianmoss/AppData/Local/Programs/MiKTeX 2.9/tex/latex/xkeyval/xkeyv
al.sty"
Package: xkeyval 2014/12/03 v2.7a package option processing (HA)

("C:/Users/fabianmoss/AppData/Local/Programs/MiKTeX 2.9/tex/generic/xkeyval/xke
yval.tex"
("C:/Users/fabianmoss/AppData/Local/Programs/MiKTeX 2.9/tex/generic/xkeyval/xkv
utils.tex"
\XKV@toks=\toks14
\XKV@tempa@toks=\toks15

("C:/Users/fabianmoss/AppData/Local/Programs/MiKTeX 2.9/tex/generic/xkeyval/key
val.tex"))
\XKV@depth=\count80
File: xkeyval.tex 2014/12/03 v2.7a key=value parser (HA)
))
\sa@internal=\count81
\c@sapage=\count82

("C:/Users/fabianmoss/AppData/Local/Programs/MiKTeX 2.9/tex/latex/standalone/st
andalone.cfg"
File: standalone.cfg 2018/03/26 v1.3a Default configuration file for 'standalone
' class
)
("C:/Users/fabianmoss/AppData/Local/Programs/MiKTeX 2.9/tex/latex/base/article.
cls"
Document Class: article 2018/09/03 v1.4i Standard LaTeX document class

("C:/Users/fabianmoss/AppData/Local/Programs/MiKTeX 2.9/tex/latex/base/size10.c
lo"
File: size10.clo 2018/09/03 v1.4i Standard LaTeX file (size option)
luaotfload | db : Font names database loaded from C:/Users/fabianmoss/AppData/Lo
cal/MiKTeX/2.9/luatex-cache/generic/names/luaotfload-names.luc)
\c@part=\count83
\c@section=\count84
\c@subsection=\count85
\c@subsubsection=\count86
\c@paragraph=\count87
\c@subparagraph=\count88
\c@figure=\count89
\c@table=\count90
\abovecaptionskip=\skip41
\belowcaptionskip=\skip42
\bibindent=\dimen102
)
("C:/Users/fabianmoss/AppData/Local/Programs/MiKTeX 2.9/tex/generic/luatex85/lu
atex85.sty"
Package: luatex85 2016/06/15 v1.4 pdftex aliases for luatex
)
("C:/Users/fabianmoss/AppData/Local/Programs/MiKTeX 2.9/tex/generic/oberdiek/pd
ftexcmds.sty"
Package: pdftexcmds 2018/09/10 v0.29 Utility functions of pdfTeX for LuaTeX (HO)


("C:/Users/fabianmoss/AppData/Local/Programs/MiKTeX 2.9/tex/generic/oberdiek/in
fwarerr.sty"
Package: infwarerr 2016/05/16 v1.4 Providing info/warning/error messages (HO)
)
("C:/Users/fabianmoss/AppData/Local/Programs/MiKTeX 2.9/tex/generic/oberdiek/lt
xcmds.sty"
Package: ltxcmds 2016/05/16 v1.23 LaTeX kernel commands for general use (HO)
)
Package pdftexcmds Info: \pdf@primitive is available.
Package pdftexcmds Info: \pdf@ifprimitive is available.
Package pdftexcmds Info: \pdfdraftmode found.
\pdftexcmds@toks=\toks16
)
("C:/Users/fabianmoss/AppData/Local/Programs/MiKTeX 2.9/tex/latex/pgf/frontendl
ayer/tikz.sty"
("C:/Users/fabianmoss/AppData/Local/Programs/MiKTeX 2.9/tex/latex/pgf/basiclaye
r/pgf.sty"
("C:/Users/fabianmoss/AppData/Local/Programs/MiKTeX 2.9/tex/latex/pgf/utilities
/pgfrcs.sty"
("C:/Users/fabianmoss/AppData/Local/Programs/MiKTeX 2.9/tex/generic/pgf/utiliti
es/pgfutil-common.tex"
\pgfutil@everybye=\toks17
\pgfutil@tempdima=\dimen103
\pgfutil@tempdimb=\dimen104

("C:/Users/fabianmoss/AppData/Local/Programs/MiKTeX 2.9/tex/generic/pgf/utiliti
es/pgfutil-common-lists.tex"))
("C:/Users/fabianmoss/AppData/Local/Programs/MiKTeX 2.9/tex/generic/pgf/utiliti
es/pgfutil-latex.def"
\pgfutil@abb=\box27

("C:/Users/fabianmoss/AppData/Local/Programs/MiKTeX 2.9/tex/latex/ms/everyshi.s
ty"
Package: everyshi 2001/05/15 v3.00 EveryShipout Package (MS)
))
("C:/Users/fabianmoss/AppData/Local/Programs/MiKTeX 2.9/tex/generic/pgf/utiliti
es/pgfrcs.code.tex"
("C:/Users/fabianmoss/AppData/Local/Programs/MiKTeX 2.9/tex/generic/pgf/pgf.rev
ision.tex")
Package: pgfrcs 2019/05/09 v3.1.3 (3.1.3)
))
Package: pgf 2019/05/09 v3.1.3 (3.1.3)

("C:/Users/fabianmoss/AppData/Local/Programs/MiKTeX 2.9/tex/latex/pgf/basiclaye
r/pgfcore.sty"
("C:/Users/fabianmoss/AppData/Local/Programs/MiKTeX 2.9/tex/latex/graphics/grap
hicx.sty"
Package: graphicx 2017/06/01 v1.1a Enhanced LaTeX Graphics (DPC,SPQR)

("C:/Users/fabianmoss/AppData/Local/Programs/MiKTeX 2.9/tex/latex/graphics/grap
hics.sty"
Package: graphics 2017/06/25 v1.2c Standard LaTeX Graphics (DPC,SPQR)

("C:/Users/fabianmoss/AppData/Local/Programs/MiKTeX 2.9/tex/latex/graphics/trig
.sty"
Package: trig 2016/01/03 v1.10 sin cos tan (DPC)
)
("C:/Users/fabianmoss/AppData/Local/Programs/MiKTeX 2.9/tex/latex/graphics-cfg/
graphics.cfg"
File: graphics.cfg 2016/06/04 v1.11 sample graphics configuration
)
Package graphics Info: Driver file: luatex.def on input line 99.

("C:/Users/fabianmoss/AppData/Local/Programs/MiKTeX 2.9/tex/latex/graphics-def/
luatex.def"
File: luatex.def 2018/01/08 v1.0l Graphics/color driver for luatex
))
\Gin@req@height=\dimen105
\Gin@req@width=\dimen106
)
("C:/Users/fabianmoss/AppData/Local/Programs/MiKTeX 2.9/tex/latex/pgf/systemlay
er/pgfsys.sty"
("C:/Users/fabianmoss/AppData/Local/Programs/MiKTeX 2.9/tex/generic/pgf/systeml
ayer/pgfsys.code.tex"
Package: pgfsys 2019/05/09 v3.1.3 (3.1.3)

("C:/Users/fabianmoss/AppData/Local/Programs/MiKTeX 2.9/tex/generic/pgf/utiliti
es/pgfkeys.code.tex"
\pgfkeys@pathtoks=\toks18
\pgfkeys@temptoks=\toks19

("C:/Users/fabianmoss/AppData/Local/Programs/MiKTeX 2.9/tex/generic/pgf/utiliti
es/pgfkeysfiltered.code.tex"
\pgfkeys@tmptoks=\toks20
))
\pgf@x=\dimen107
\pgf@y=\dimen108
\pgf@xa=\dimen109
\pgf@ya=\dimen110
\pgf@xb=\dimen111
\pgf@yb=\dimen112
\pgf@xc=\dimen113
\pgf@yc=\dimen114
\pgf@xd=\dimen115
\pgf@yd=\dimen116
\w@pgf@writea=\write3
\r@pgf@reada=\read1
\c@pgf@counta=\count91
\c@pgf@countb=\count92
\c@pgf@countc=\count93
\c@pgf@countd=\count94
\t@pgf@toka=\toks21
\t@pgf@tokb=\toks22
\t@pgf@tokc=\toks23
\pgf@sys@id@count=\count95

("C:/Users/fabianmoss/AppData/Local/Programs/MiKTeX 2.9/tex/generic/pgf/systeml
ayer/pgf.cfg"
File: pgf.cfg 2019/05/09 v3.1.3 (3.1.3)
)
Driver file for pgf: pgfsys-luatex.def

("C:/Users/fabianmoss/AppData/Local/Programs/MiKTeX 2.9/tex/generic/pgf/systeml
ayer/pgfsys-luatex.def"
File: pgfsys-luatex.def 2019/05/09 v3.1.3 (3.1.3)

("C:/Users/fabianmoss/AppData/Local/Programs/MiKTeX 2.9/tex/generic/pgf/systeml
ayer/pgfsys-common-pdf.def"
File: pgfsys-common-pdf.def 2019/05/09 v3.1.3 (3.1.3)
)))
("C:/Users/fabianmoss/AppData/Local/Programs/MiKTeX 2.9/tex/generic/pgf/systeml
ayer/pgfsyssoftpath.code.tex"
File: pgfsyssoftpath.code.tex 2019/05/09 v3.1.3 (3.1.3)
\pgfsyssoftpath@smallbuffer@items=\count96
\pgfsyssoftpath@bigbuffer@items=\count97
)
("C:/Users/fabianmoss/AppData/Local/Programs/MiKTeX 2.9/tex/generic/pgf/systeml
ayer/pgfsysprotocol.code.tex"
File: pgfsysprotocol.code.tex 2019/05/09 v3.1.3 (3.1.3)
))
("C:/Users/fabianmoss/AppData/Local/Programs/MiKTeX 2.9/tex/latex/xcolor/xcolor
.sty"
Package: xcolor 2016/05/11 v2.12 LaTeX color extensions (UK)

("C:/Users/fabianmoss/AppData/Local/Programs/MiKTeX 2.9/tex/latex/graphics-cfg/
color.cfg"
File: color.cfg 2016/01/02 v1.6 sample color configuration
)
Package xcolor Info: Driver file: luatex.def on input line 225.
Package xcolor Info: Model `cmy' substituted by `cmy0' on input line 1348.
Package xcolor Info: Model `hsb' substituted by `rgb' on input line 1352.
Package xcolor Info: Model `RGB' extended on input line 1364.
Package xcolor Info: Model `HTML' substituted by `rgb' on input line 1366.
Package xcolor Info: Model `Hsb' substituted by `hsb' on input line 1367.
Package xcolor Info: Model `tHsb' substituted by `hsb' on input line 1368.
Package xcolor Info: Model `HSB' substituted by `hsb' on input line 1369.
Package xcolor Info: Model `Gray' substituted by `gray' on input line 1370.
Package xcolor Info: Model `wave' substituted by `hsb' on input line 1371.
)
("C:/Users/fabianmoss/AppData/Local/Programs/MiKTeX 2.9/tex/generic/pgf/basicla
yer/pgfcore.code.tex"
Package: pgfcore 2019/05/09 v3.1.3 (3.1.3)

("C:/Users/fabianmoss/AppData/Local/Programs/MiKTeX 2.9/tex/generic/pgf/math/pg
fmath.code.tex"
("C:/Users/fabianmoss/AppData/Local/Programs/MiKTeX 2.9/tex/generic/pgf/math/pg
fmathcalc.code.tex"
("C:/Users/fabianmoss/AppData/Local/Programs/MiKTeX 2.9/tex/generic/pgf/math/pg
fmathutil.code.tex")
("C:/Users/fabianmoss/AppData/Local/Programs/MiKTeX 2.9/tex/generic/pgf/math/pg
fmathparser.code.tex"
\pgfmath@dimen=\dimen117
\pgfmath@count=\count98
\pgfmath@box=\box28
\pgfmath@toks=\toks24
\pgfmath@stack@operand=\toks25
\pgfmath@stack@operation=\toks26
)
("C:/Users/fabianmoss/AppData/Local/Programs/MiKTeX 2.9/tex/generic/pgf/math/pg
fmathfunctions.code.tex"
("C:/Users/fabianmoss/AppData/Local/Programs/MiKTeX 2.9/tex/generic/pgf/math/pg
fmathfunctions.basic.code.tex")
("C:/Users/fabianmoss/AppData/Local/Programs/MiKTeX 2.9/tex/generic/pgf/math/pg
fmathfunctions.trigonometric.code.tex")
("C:/Users/fabianmoss/AppData/Local/Programs/MiKTeX 2.9/tex/generic/pgf/math/pg
fmathfunctions.random.code.tex")
("C:/Users/fabianmoss/AppData/Local/Programs/MiKTeX 2.9/tex/generic/pgf/math/pg
fmathfunctions.comparison.code.tex")
("C:/Users/fabianmoss/AppData/Local/Programs/MiKTeX 2.9/tex/generic/pgf/math/pg
fmathfunctions.base.code.tex")
("C:/Users/fabianmoss/AppData/Local/Programs/MiKTeX 2.9/tex/generic/pgf/math/pg
fmathfunctions.round.code.tex")
("C:/Users/fabianmoss/AppData/Local/Programs/MiKTeX 2.9/tex/generic/pgf/math/pg
fmathfunctions.misc.code.tex")
("C:/Users/fabianmoss/AppData/Local/Programs/MiKTeX 2.9/tex/generic/pgf/math/pg
fmathfunctions.integerarithmetics.code.tex")))
("C:/Users/fabianmoss/AppData/Local/Programs/MiKTeX 2.9/tex/generic/pgf/math/pg
fmathfloat.code.tex"
\c@pgfmathroundto@lastzeros=\count99
))
("C:/Users/fabianmoss/AppData/Local/Programs/MiKTeX 2.9/tex/generic/pgf/math/pg
fint.code.tex")
("C:/Users/fabianmoss/AppData/Local/Programs/MiKTeX 2.9/tex/generic/pgf/basicla
yer/pgfcorepoints.code.tex"
File: pgfcorepoints.code.tex 2019/05/09 v3.1.3 (3.1.3)
\pgf@picminx=\dimen118
\pgf@picmaxx=\dimen119
\pgf@picminy=\dimen120
\pgf@picmaxy=\dimen121
\pgf@pathminx=\dimen122
\pgf@pathmaxx=\dimen123
\pgf@pathminy=\dimen124
\pgf@pathmaxy=\dimen125
\pgf@xx=\dimen126
\pgf@xy=\dimen127
\pgf@yx=\dimen128
\pgf@yy=\dimen129
\pgf@zx=\dimen130
\pgf@zy=\dimen131
)
("C:/Users/fabianmoss/AppData/Local/Programs/MiKTeX 2.9/tex/generic/pgf/basicla
yer/pgfcorepathconstruct.code.tex"
File: pgfcorepathconstruct.code.tex 2019/05/09 v3.1.3 (3.1.3)
\pgf@path@lastx=\dimen132
\pgf@path@lasty=\dimen133
)
("C:/Users/fabianmoss/AppData/Local/Programs/MiKTeX 2.9/tex/generic/pgf/basicla
yer/pgfcorepathusage.code.tex"
File: pgfcorepathusage.code.tex 2019/05/09 v3.1.3 (3.1.3)
\pgf@shorten@end@additional=\dimen134
\pgf@shorten@start@additional=\dimen135
)
("C:/Users/fabianmoss/AppData/Local/Programs/MiKTeX 2.9/tex/generic/pgf/basicla
yer/pgfcorescopes.code.tex"
File: pgfcorescopes.code.tex 2019/05/09 v3.1.3 (3.1.3)
\pgfpic=\box29
\pgf@hbox=\box30
\pgf@layerbox@main=\box31
\pgf@picture@serial@count=\count100
)
("C:/Users/fabianmoss/AppData/Local/Programs/MiKTeX 2.9/tex/generic/pgf/basicla
yer/pgfcoregraphicstate.code.tex"
File: pgfcoregraphicstate.code.tex 2019/05/09 v3.1.3 (3.1.3)
\pgflinewidth=\dimen136
)
("C:/Users/fabianmoss/AppData/Local/Programs/MiKTeX 2.9/tex/generic/pgf/basicla
yer/pgfcoretransformations.code.tex"
File: pgfcoretransformations.code.tex 2019/05/09 v3.1.3 (3.1.3)
\pgf@pt@x=\dimen137
\pgf@pt@y=\dimen138
\pgf@pt@temp=\dimen139
)
("C:/Users/fabianmoss/AppData/Local/Programs/MiKTeX 2.9/tex/generic/pgf/basicla
yer/pgfcorequick.code.tex"
File: pgfcorequick.code.tex 2019/05/09 v3.1.3 (3.1.3)
)
("C:/Users/fabianmoss/AppData/Local/Programs/MiKTeX 2.9/tex/generic/pgf/basicla
yer/pgfcoreobjects.code.tex"
File: pgfcoreobjects.code.tex 2019/05/09 v3.1.3 (3.1.3)
)
("C:/Users/fabianmoss/AppData/Local/Programs/MiKTeX 2.9/tex/generic/pgf/basicla
yer/pgfcorepathprocessing.code.tex"
File: pgfcorepathprocessing.code.tex 2019/05/09 v3.1.3 (3.1.3)
)
("C:/Users/fabianmoss/AppData/Local/Programs/MiKTeX 2.9/tex/generic/pgf/basicla
yer/pgfcorearrows.code.tex"
File: pgfcorearrows.code.tex 2019/05/09 v3.1.3 (3.1.3)
\pgfarrowsep=\dimen140
)
("C:/Users/fabianmoss/AppData/Local/Programs/MiKTeX 2.9/tex/generic/pgf/basicla
yer/pgfcoreshade.code.tex"
File: pgfcoreshade.code.tex 2019/05/09 v3.1.3 (3.1.3)
\pgf@max=\dimen141
\pgf@sys@shading@range@num=\count101
\pgf@shadingcount=\count102
)
("C:/Users/fabianmoss/AppData/Local/Programs/MiKTeX 2.9/tex/generic/pgf/basicla
yer/pgfcoreimage.code.tex"
File: pgfcoreimage.code.tex 2019/05/09 v3.1.3 (3.1.3)

("C:/Users/fabianmoss/AppData/Local/Programs/MiKTeX 2.9/tex/generic/pgf/basicla
yer/pgfcoreexternal.code.tex"
File: pgfcoreexternal.code.tex 2019/05/09 v3.1.3 (3.1.3)
\pgfexternal@startupbox=\box32
))
("C:/Users/fabianmoss/AppData/Local/Programs/MiKTeX 2.9/tex/generic/pgf/basicla
yer/pgfcorelayers.code.tex"
File: pgfcorelayers.code.tex 2019/05/09 v3.1.3 (3.1.3)
)
("C:/Users/fabianmoss/AppData/Local/Programs/MiKTeX 2.9/tex/generic/pgf/basicla
yer/pgfcoretransparency.code.tex"
File: pgfcoretransparency.code.tex 2019/05/09 v3.1.3 (3.1.3)
)
("C:/Users/fabianmoss/AppData/Local/Programs/MiKTeX 2.9/tex/generic/pgf/basicla
yer/pgfcorepatterns.code.tex"
File: pgfcorepatterns.code.tex 2019/05/09 v3.1.3 (3.1.3)
)
("C:/Users/fabianmoss/AppData/Local/Programs/MiKTeX 2.9/tex/generic/pgf/basicla
yer/pgfcorerdf.code.tex"
File: pgfcorerdf.code.tex 2019/05/09 v3.1.3 (3.1.3)
)))
("C:/Users/fabianmoss/AppData/Local/Programs/MiKTeX 2.9/tex/generic/pgf/modules
/pgfmoduleshapes.code.tex"
File: pgfmoduleshapes.code.tex 2019/05/09 v3.1.3 (3.1.3)
\pgfnodeparttextbox=\box33
)
("C:/Users/fabianmoss/AppData/Local/Programs/MiKTeX 2.9/tex/generic/pgf/modules
/pgfmoduleplot.code.tex"
File: pgfmoduleplot.code.tex 2019/05/09 v3.1.3 (3.1.3)
)
("C:/Users/fabianmoss/AppData/Local/Programs/MiKTeX 2.9/tex/latex/pgf/compatibi
lity/pgfcomp-version-0-65.sty"
Package: pgfcomp-version-0-65 2019/05/09 v3.1.3 (3.1.3)
\pgf@nodesepstart=\dimen142
\pgf@nodesepend=\dimen143
)
("C:/Users/fabianmoss/AppData/Local/Programs/MiKTeX 2.9/tex/latex/pgf/compatibi
lity/pgfcomp-version-1-18.sty"
Package: pgfcomp-version-1-18 2019/05/09 v3.1.3 (3.1.3)
))
("C:/Users/fabianmoss/AppData/Local/Programs/MiKTeX 2.9/tex/latex/pgf/utilities
/pgffor.sty"
("C:/Users/fabianmoss/AppData/Local/Programs/MiKTeX 2.9/tex/latex/pgf/utilities
/pgfkeys.sty"
("C:/Users/fabianmoss/AppData/Local/Programs/MiKTeX 2.9/tex/generic/pgf/utiliti
es/pgfkeys.code.tex"))
("C:/Users/fabianmoss/AppData/Local/Programs/MiKTeX 2.9/tex/latex/pgf/math/pgfm
ath.sty"
("C:/Users/fabianmoss/AppData/Local/Programs/MiKTeX 2.9/tex/generic/pgf/math/pg
fmath.code.tex"))
("C:/Users/fabianmoss/AppData/Local/Programs/MiKTeX 2.9/tex/generic/pgf/utiliti
es/pgffor.code.tex"
Package: pgffor 2019/05/09 v3.1.3 (3.1.3)

("C:/Users/fabianmoss/AppData/Local/Programs/MiKTeX 2.9/tex/generic/pgf/math/pg
fmath.code.tex")
\pgffor@iter=\dimen144
\pgffor@skip=\dimen145
\pgffor@stack=\toks27
\pgffor@toks=\toks28
))
("C:/Users/fabianmoss/AppData/Local/Programs/MiKTeX 2.9/tex/generic/pgf/fronten
dlayer/tikz/tikz.code.tex"
Package: tikz 2019/05/09 v3.1.3 (3.1.3)

("C:/Users/fabianmoss/AppData/Local/Programs/MiKTeX 2.9/tex/generic/pgf/librari
es/pgflibraryplothandlers.code.tex"
File: pgflibraryplothandlers.code.tex 2019/05/09 v3.1.3 (3.1.3)
\pgf@plot@mark@count=\count103
\pgfplotmarksize=\dimen146
)
\tikz@lastx=\dimen147
\tikz@lasty=\dimen148
\tikz@lastxsaved=\dimen149
\tikz@lastysaved=\dimen150
\tikzleveldistance=\dimen151
\tikzsiblingdistance=\dimen152
\tikz@figbox=\box34
\tikz@figbox@bg=\box35
\tikz@tempbox=\box36
\tikz@tempbox@bg=\box37
\tikztreelevel=\count104
\tikznumberofchildren=\count105
\tikznumberofcurrentchild=\count106
\tikz@fig@count=\count107

("C:/Users/fabianmoss/AppData/Local/Programs/MiKTeX 2.9/tex/generic/pgf/modules
/pgfmodulematrix.code.tex"
File: pgfmodulematrix.code.tex 2019/05/09 v3.1.3 (3.1.3)
\pgfmatrixcurrentrow=\count108
\pgfmatrixcurrentcolumn=\count109
\pgf@matrix@numberofcolumns=\count110
)
\tikz@expandcount=\count111

("C:/Users/fabianmoss/AppData/Local/Programs/MiKTeX 2.9/tex/generic/pgf/fronten
dlayer/tikz/libraries/tikzlibrarytopaths.code.tex"
File: tikzlibrarytopaths.code.tex 2019/05/09 v3.1.3 (3.1.3)
)))
\sa@box=\box38
)
(./tikz_Liszt_Lugubre_gondola_I_200_1.aux)
\openout1 = tikz_Liszt_Lugubre_gondola_I_200_1.aux

LaTeX Font Info:    Checking defaults for OML/cmm/m/it on input line 3.
LaTeX Font Info:    ... okay on input line 3.
LaTeX Font Info:    Checking defaults for T1/cmr/m/n on input line 3.
LaTeX Font Info:    ... okay on input line 3.
LaTeX Font Info:    Checking defaults for OT1/cmr/m/n on input line 3.
LaTeX Font Info:    ... okay on input line 3.
LaTeX Font Info:    Checking defaults for OMS/cmsy/m/n on input line 3.
LaTeX Font Info:    ... okay on input line 3.
LaTeX Font Info:    Checking defaults for TU/lmr/m/n on input line 3.
LaTeX Font Info:    ... okay on input line 3.
LaTeX Font Info:    Checking defaults for OMX/cmex/m/n on input line 3.
LaTeX Font Info:    ... okay on input line 3.
LaTeX Font Info:    Checking defaults for U/cmr/m/n on input line 3.
LaTeX Font Info:    ... okay on input line 3.

ABD: EveryShipout initializing macros
("C:/Users/fabianmoss/AppData/Local/Programs/MiKTeX 2.9/tex/context/base/mkii/s
upp-pdf.mkii"
[Loading MPS to PDF converter (version 2006.09.02).]
\scratchcounter=\count112
\scratchdimen=\dimen153
\scratchbox=\box39
\nofMPsegments=\count113
\nofMParguments=\count114
\everyMPshowfont=\toks29
\MPscratchCnt=\count115
\MPscratchDim=\dimen154
\MPnumerator=\count116
\makeMPintoPDFobject=\count117
\everyMPtoPDFconversion=\toks30
)
("C:/Users/fabianmoss/AppData/Local/Programs/MiKTeX 2.9/tex/latex/oberdiek/epst
opdf-base.sty"
Package: epstopdf-base 2016/05/15 v2.6 Base part for package epstopdf

("C:/Users/fabianmoss/AppData/Local/Programs/MiKTeX 2.9/tex/latex/oberdiek/grfe
xt.sty"
Package: grfext 2016/05/16 v1.2 Manage graphics extensions (HO)

("C:/Users/fabianmoss/AppData/Local/Programs/MiKTeX 2.9/tex/generic/oberdiek/kv
definekeys.sty"
Package: kvdefinekeys 2016/05/16 v1.4 Define keys (HO)
))
("C:/Users/fabianmoss/AppData/Local/Programs/MiKTeX 2.9/tex/latex/oberdiek/kvop
tions.sty"
Package: kvoptions 2016/05/16 v3.12 Key value format for package options (HO)

("C:/Users/fabianmoss/AppData/Local/Programs/MiKTeX 2.9/tex/generic/oberdiek/kv
setkeys.sty"
Package: kvsetkeys 2016/05/16 v1.17 Key value parser (HO)

("C:/Users/fabianmoss/AppData/Local/Programs/MiKTeX 2.9/tex/generic/oberdiek/et
excmds.sty"
Package: etexcmds 2016/05/16 v1.6 Avoid name clashes with e-TeX commands (HO)
)))
Package epstopdf-base Info: Redefining graphics rule for `.eps' on input line 43
8.
Package grfext Info: Graphics extension search list:
(grfext)             [.pdf,.png,.jpg,.mps,.jpeg,.jbig2,.jb2,.PDF,.PNG,.JPG,.JPEG
,.JBIG2,.JB2,.eps]
(grfext)             \AppendGraphicsExtensions on input line 456.
) [1

{C:/Users/fabianmoss/AppData/Local/MiKTeX/2.9/pdftex/config/pdftex.map}] (./tik
z_Liszt_Lugubre_gondola_I_200_1.aux))

Here is how much of LuaTeX's memory you used:
 12662 strings out of 494291
 100000,319454 words of node,token memory allocated
 384 words of node memory still in use:
   2 hlist, 1 vlist, 1 rule, 2 glue, 3 kern, 1 glyph, 5 attribute, 44 glue_spec,
 5 attribute_list, 2 write nodes
   avail lists: 1:1,2:743,3:363,4:21,5:22,6:1,7:421,9:192,11:6
 16404 multiletter control sequences out of 65536+200000
 15 fonts using 723495 bytes
 62i,9n,56p,442b,821s stack positions out of 5000i,500n,10000p,200000b,50000s
<c:/users/fabianmoss/appdata/local/programs/miktex 2.9/fonts/opentype/public/lm/
lmroman10-regular.otf>
Output written on tikz_Liszt_Lugubre_gondola_I_200_1.pdf (1 page, 4663 bytes).

PDF statistics: 16 PDF objects out of 1000 (max. 8388607)
 0 named destinations out of 1000 (max. 131072)
 16 words of extra memory for PDF output out of 10000 (max. 100000000)

